
current=20260505281; latest=20260505280; settled=20211028023,20260505280
current=20260505281; latest=20260505281; settled=20220115388^C
current=20260505283; latest=20260505281; settled=20220115389,20260505281current=20260505284; latest=20260505284; settled=^C
current=20260505286; latest=20260505284; settled=20260505284current=20260505287; latest=20260505287; settled=
current=20260505288; latest=20260505288; settled=
current=20260505289; latest=20260505289; settled=
current=20260505290; latest=20260505290; settled=
current=20260505291; latest=20260505291; settled=
^Ccurrent=20260505293; latest=20260505293; settled=
current=20260505294; latest=20260505294; settled=
current=20260505295; latest=20260505295; settled=
current=20260505296; latest=20260505296; settled=
current=20260505297; latest=20260505297; settled=
^Ccurrent=20260505302; latest=20260505302; settled=
^Ccurrent=20260505304; latest=20260505304; settled=
current=20260505305; latest=20260505305; settled=
^Ccurrent=20260505309; latest=20260505309; settled=
current=20260505310; latest=20260505310; settled=
current=20260505311; latest=20260505311; settled=
current=20260505312; latest=20260505312; settled=
